{"level":"info","time":"2025-04-10 15:24:20.230","message":"start api-modelo-clean-arch PORT:8888"}
{"level":"info","time":"2025-04-10 15:24:33.735","message":"routes.go - /telefone/:cpf"}
{"level":"info","time":"2025-04-10 15:24:33.737","message":"start-get-all.go - StartGetAll"}
{"level":"info","time":"2025-04-10 15:24:33.738","message":"Entrou...","id":"20250410152433","mtd":"Controller - telefone - ExecuteGetAll"}
{"level":"error","time":"2025-04-10 15:24:33.739","message":"Erro Decode input","id":"20250410152433","mtd":"Controller - telefone - ExecuteGetAll","error":"EOF"}
{"level":"error","time":"2025-04-10 15:24:33.740","message":"Erro...","id":"20250410152433","mtd":"telefone/get-telefones - StartGetAll","error":"EOF"}
{"level":"info","time":"2025-04-10 15:28:27.227","message":"start api-modelo-clean-arch PORT:8888"}
{"level":"info","time":"2025-04-10 15:28:39.003","message":"routes.go - /telefone/:cpf"}
{"level":"info","time":"2025-04-10 15:28:39.004","message":"start-get-all.go - StartGetAll"}
{"level":"info","time":"2025-04-10 15:28:39.005","message":"Entrou...","id":"20250410152839","mtd":"Controller - telefone - ExecuteGetAll"}
{"level":"info","time":"2025-04-10 15:28:39.007","message":"Entrou...","id":"20250410152839","mtd":"Usecase - telefone - Execute"}
{"level":"info","time":"2025-04-10 15:28:39.008","message":"Entrou...","id":"20250410152839","mtd":"Repository - telefone - FindAll"}
{"level":"info","time":"2025-04-10 15:37:26.635","message":"routes.go - /telefone/:cpf"}
{"level":"info","time":"2025-04-10 15:37:26.636","message":"start-get-all.go - StartGetAll"}
{"level":"info","time":"2025-04-10 15:37:26.637","message":"Entrou...","id":"20250410153726","mtd":"Controller - telefone - ExecuteGetAll"}
{"level":"info","time":"2025-04-10 15:37:26.638","message":"Entrou...","id":"20250410153726","mtd":"Usecase - telefone - Execute"}
{"level":"info","time":"2025-04-10 15:37:26.640","message":"Entrou...","id":"20250410153726","mtd":"Repository - telefone - FindAll"}
{"level":"info","time":"2025-04-10 15:37:39.076","message":"routes.go - /telefone"}
{"level":"info","time":"2025-04-10 15:37:39.077","message":"Entrou...","id":"20250410153739","mtd":"cliente02/create-cliente - Start"}
{"level":"info","time":"2025-04-10 15:37:39.078","message":"Entrou...","id":"20250410153739","mtd":"Controller - telefone/create - ExecuteCreate"}
{"level":"info","time":"2025-04-10 15:37:39.080","message":"Entrou...","id":"20250410153739","mtd":"telefone/create - UseCase - Execute"}
{"level":"info","time":"2025-04-10 15:37:39.081","message":"Entrou... CPF:4832453504","id":"20250410153739","mtd":"cliente/post01 - Repository - InsertTelefone"}
{"level":"error","time":"2025-04-10 15:37:39.085","message":"Erro ao executar a inserção","id":"20250410153739","mtd":"cliente/post01 - Repository - InsertTelefone","error":"ORA-00942: a tabela ou view não existe"}
{"level":"error","time":"2025-04-10 15:37:39.087","message":"Erro","id":"20250410153739","mtd":"telefone/create - UseCase - Execute","error":"ORA-00942: a tabela ou view não existe"}
{"level":"error","time":"2025-04-10 15:37:39.088","message":"Erro Execute useCase","id":"20250410153739","mtd":"Controller - telefone/create - ExecuteCreate","error":"ORA-00942: a tabela ou view não existe"}
{"level":"error","time":"2025-04-10 15:37:39.089","message":"Error","id":"20250410153739","mtd":"cliente02/create-cliente - Start","error":"ORA-00942: a tabela ou view não existe"}
{"level":"info","time":"2025-04-10 16:03:05.295","message":"start api-modelo-clean-arch PORT:8888"}
{"level":"info","time":"2025-04-10 16:03:58.729","message":"routes.go - /telefone/:cpf"}
{"level":"info","time":"2025-04-10 16:03:58.730","message":"start-get-all.go - StartGetAll"}
{"level":"info","time":"2025-04-10 16:03:58.732","message":"Entrou...","id":"20250410160358","mtd":"Controller - telefone - ExecuteGetAll"}
{"level":"info","time":"2025-04-10 16:03:58.733","message":"Entrou...","id":"20250410160358","mtd":"Usecase - telefone - Execute"}
{"level":"info","time":"2025-04-10 16:03:58.734","message":"Entrou...","id":"20250410160358","mtd":"Repository - telefone - FindAll"}
{"level":"info","time":"2025-04-10 16:04:02.426","message":"routes.go - /telefone"}
{"level":"info","time":"2025-04-10 16:04:02.427","message":"Entrou...","id":"20250410160402","mtd":"cliente02/create-cliente - Start"}
{"level":"info","time":"2025-04-10 16:04:02.429","message":"Entrou...","id":"20250410160402","mtd":"Controller - telefone/create - ExecuteCreate"}
{"level":"info","time":"2025-04-10 16:04:02.430","message":"Entrou...","id":"20250410160402","mtd":"telefone/create - UseCase - Execute"}
{"level":"info","time":"2025-04-10 16:04:02.431","message":"Entrou... CPF:4832453504","id":"20250410160402","mtd":"Repository - telefone - Save"}
{"level":"error","time":"2025-04-10 16:04:02.450","message":"Erro ao executar a inserção","id":"20250410160402","mtd":"Repository - telefone - Save","error":"sql: expected 0 arguments, got 2"}
{"level":"error","time":"2025-04-10 16:04:02.451","message":"Erro ao commitar a inserção","id":"20250410160402","mtd":"Repository - telefone - Save","error":"sql: transaction has already been committed or rolled back"}
{"level":"info","time":"2025-04-10 16:04:07.585","message":"routes.go - /telefone/:cpf"}
{"level":"info","time":"2025-04-10 16:04:07.586","message":"start-get-all.go - StartGetAll"}
{"level":"info","time":"2025-04-10 16:04:07.587","message":"Entrou...","id":"20250410160407","mtd":"Controller - telefone - ExecuteGetAll"}
{"level":"info","time":"2025-04-10 16:04:07.588","message":"Entrou...","id":"20250410160407","mtd":"Usecase - telefone - Execute"}
{"level":"info","time":"2025-04-10 16:04:07.589","message":"Entrou...","id":"20250410160407","mtd":"Repository - telefone - FindAll"}
{"level":"info","time":"2025-04-10 16:04:18.105","message":"routes.go - /telefone/:cpf"}
{"level":"info","time":"2025-04-10 16:04:18.107","message":"start-get-all.go - StartGetAll"}
{"level":"info","time":"2025-04-10 16:04:18.108","message":"Entrou...","id":"20250410160418","mtd":"Controller - telefone - ExecuteGetAll"}
{"level":"info","time":"2025-04-10 16:04:18.109","message":"Entrou...","id":"20250410160418","mtd":"Usecase - telefone - Execute"}
{"level":"info","time":"2025-04-10 16:04:18.111","message":"Entrou...","id":"20250410160418","mtd":"Repository - telefone - FindAll"}
{"level":"info","time":"2025-04-10 16:04:22.147","message":"routes.go - /telefone"}
{"level":"info","time":"2025-04-10 16:04:22.148","message":"Entrou...","id":"20250410160422","mtd":"cliente02/create-cliente - Start"}
{"level":"info","time":"2025-04-10 16:04:22.149","message":"Entrou...","id":"20250410160422","mtd":"Controller - telefone/create - ExecuteCreate"}
{"level":"info","time":"2025-04-10 16:04:22.151","message":"Entrou...","id":"20250410160422","mtd":"telefone/create - UseCase - Execute"}
{"level":"info","time":"2025-04-10 16:04:22.152","message":"Entrou... CPF:4832453504","id":"20250410160422","mtd":"Repository - telefone - Save"}
{"level":"error","time":"2025-04-10 16:04:22.155","message":"Erro ao executar a inserção","id":"20250410160422","mtd":"Repository - telefone - Save","error":"sql: expected 0 arguments, got 2"}
{"level":"error","time":"2025-04-10 16:04:22.157","message":"Erro ao commitar a inserção","id":"20250410160422","mtd":"Repository - telefone - Save","error":"sql: transaction has already been committed or rolled back"}
{"level":"info","time":"2025-04-10 16:04:24.760","message":"routes.go - /telefone/:cpf"}
{"level":"info","time":"2025-04-10 16:04:24.761","message":"start-get-all.go - StartGetAll"}
{"level":"info","time":"2025-04-10 16:04:24.762","message":"Entrou...","id":"20250410160424","mtd":"Controller - telefone - ExecuteGetAll"}
{"level":"info","time":"2025-04-10 16:04:24.763","message":"Entrou...","id":"20250410160424","mtd":"Usecase - telefone - Execute"}
{"level":"info","time":"2025-04-10 16:04:24.764","message":"Entrou...","id":"20250410160424","mtd":"Repository - telefone - FindAll"}
{"level":"info","time":"2025-04-10 16:05:57.764","message":"routes.go - /telefone/:cpf"}
{"level":"info","time":"2025-04-10 16:05:57.766","message":"start-get-all.go - StartGetAll"}
{"level":"info","time":"2025-04-10 16:05:57.768","message":"Entrou...","id":"20250410160557","mtd":"Controller - telefone - ExecuteGetAll"}
{"level":"info","time":"2025-04-10 16:05:57.769","message":"Entrou...","id":"20250410160557","mtd":"Usecase - telefone - Execute"}
{"level":"info","time":"2025-04-10 16:05:57.770","message":"Entrou...","id":"20250410160557","mtd":"Repository - telefone - FindAll"}
{"level":"info","time":"2025-04-10 16:11:44.468","message":"routes.go - /telefone"}
{"level":"info","time":"2025-04-10 16:11:44.472","message":"Entrou...","id":"20250410161144","mtd":"cliente02/create-cliente - Start"}
{"level":"info","time":"2025-04-10 16:11:44.473","message":"Entrou...","id":"20250410161144","mtd":"Controller - telefone/create - ExecuteCreate"}
{"level":"info","time":"2025-04-10 16:11:44.474","message":"Entrou...","id":"20250410161144","mtd":"telefone/create - UseCase - Execute"}
{"level":"info","time":"2025-04-10 16:11:44.475","message":"Entrou... CPF:4832453504","id":"20250410161144","mtd":"Repository - telefone - Save"}
{"level":"error","time":"2025-04-10 16:11:44.491","message":"Erro ao executar a inserção","id":"20250410161144","mtd":"Repository - telefone - Save","error":"sql: expected 0 arguments, got 2"}
{"level":"error","time":"2025-04-10 16:11:44.492","message":"Erro ao commitar a inserção","id":"20250410161144","mtd":"Repository - telefone - Save","error":"sql: transaction has already been committed or rolled back"}
{"level":"info","time":"2025-04-10 16:20:14.078","message":"start api-modelo-clean-arch PORT:8888"}



{"level":"info","time":"2025-04-10 16:20:26.641","message":"routes.go - /telefone/:cpf"}
{"level":"info","time":"2025-04-10 16:20:26.643","message":"start-get-all.go - StartGetAll"}
{"level":"info","time":"2025-04-10 16:20:26.644","message":"Entrou...","id":"20250410162026","mtd":"Controller - telefone - ExecuteGetAll"}
{"level":"info","time":"2025-04-10 16:20:26.645","message":"Entrou...","id":"20250410162026","mtd":"Usecase - telefone - Execute"}
{"level":"info","time":"2025-04-10 16:20:26.646","message":"Entrou...","id":"20250410162026","mtd":"Repository - telefone - FindAll"}
{"level":"info","time":"2025-04-10 16:20:31.015","message":"routes.go - /telefone"}
{"level":"info","time":"2025-04-10 16:20:31.017","message":"Entrou...","id":"20250410162031","mtd":"start-create - telefone - StartCreate"}
{"level":"info","time":"2025-04-10 16:20:31.018","message":"Entrou...","id":"20250410162031","mtd":"Controller - telefone/create - ExecuteCreate"}
{"level":"info","time":"2025-04-10 16:20:31.019","message":"Entrou...","id":"20250410162031","mtd":"telefone/create - UseCase - Execute"}
{"level":"info","time":"2025-04-10 16:20:31.020","message":"Entrou... CPF: 1","id":"20250410162031","mtd":"Repository - telefone - Save"}
{"level":"error","time":"2025-04-10 16:20:31.023","message":"Erro ao executar a inserção","id":"20250410162031","mtd":"Repository - telefone - Save","error":"sql: expected 0 arguments, got 2"}
{"level":"error","time":"2025-04-10 16:20:31.025","message":"Erro","id":"20250410162031","mtd":"telefone/create - UseCase - Execute","error":"sql: expected 0 arguments, got 2"}
{"level":"error","time":"2025-04-10 16:20:31.026","message":"Erro Execute useCase","id":"20250410162031","mtd":"Controller - telefone/create - ExecuteCreate","error":"sql: expected 0 arguments, got 2"}
{"level":"error","time":"2025-04-10 16:20:31.027","message":"Error","id":"20250410162031","mtd":"start-create - telefone - StartCreate","error":"sql: expected 0 arguments, got 2"}
{"level":"info","time":"2025-04-10 16:23:20.078","message":"start api-modelo-clean-arch PORT:8888"}
{"level":"info","time":"2025-04-10 16:41:16.950","message":"routes.go - /telefone/:cpf"}
{"level":"info","time":"2025-04-10 16:41:16.952","message":"start-get-all.go - StartGetAll"}
{"level":"info","time":"2025-04-10 16:41:16.953","message":"Entrou...","id":"20250410164116","mtd":"Controller - telefone - ExecuteGetAll"}
{"level":"info","time":"2025-04-10 16:41:16.954","message":"Entrou...","id":"20250410164116","mtd":"Usecase - telefone - Execute"}
{"level":"info","time":"2025-04-10 16:41:16.955","message":"Entrou...","id":"20250410164116","mtd":"Repository - telefone - FindAll"}
{"level":"info","time":"2025-04-10 16:41:20.087","message":"routes.go - /telefone"}
{"level":"info","time":"2025-04-10 16:41:20.094","message":"Entrou...","id":"20250410164120","mtd":"start-create - telefone - StartCreate"}
{"level":"info","time":"2025-04-10 16:41:20.097","message":"Entrou...","id":"20250410164120","mtd":"Controller - telefone/create - ExecuteCreate"}
{"level":"info","time":"2025-04-10 16:41:20.101","message":"Entrou...","id":"20250410164120","mtd":"telefone/create - UseCase - Execute"}
{"level":"info","time":"2025-04-10 16:41:20.103","message":"Entrou... CPF: 1","id":"20250410164120","mtd":"Repository - telefone - Save"}
{"level":"info","time":"2025-04-10 16:41:22.736","message":"routes.go - /telefone/:cpf"}
{"level":"info","time":"2025-04-10 16:41:22.738","message":"start-get-all.go - StartGetAll"}
{"level":"info","time":"2025-04-10 16:41:22.739","message":"Entrou...","id":"20250410164122","mtd":"Controller - telefone - ExecuteGetAll"}
{"level":"info","time":"2025-04-10 16:41:22.740","message":"Entrou...","id":"20250410164122","mtd":"Usecase - telefone - Execute"}
{"level":"info","time":"2025-04-10 16:41:22.742","message":"Entrou...","id":"20250410164122","mtd":"Repository - telefone - FindAll"}
{"level":"info","time":"2025-04-11 10:25:28.111","message":"start api-modelo-clean-arch PORT:8888"}
{"level":"info","time":"2025-04-11 10:29:56.872","message":"start api-modelo-clean-arch PORT:8888"}
{"level":"info","time":"2025-04-11 11:29:04.971","message":"routes.go - /telefone/:cpf"}
{"level":"info","time":"2025-04-11 11:29:04.972","message":"start-get-all.go - StartGetAll"}
{"level":"info","time":"2025-04-11 11:29:04.973","message":"Entrou...","id":"20250411112904","mtd":"Controller - telefone - ExecuteGetAll"}
{"level":"info","time":"2025-04-11 11:29:04.974","message":"Entrou...","id":"20250411112904","mtd":"Usecase - telefone - Execute"}
{"level":"info","time":"2025-04-11 11:29:04.975","message":"Entrou...","id":"20250411112904","mtd":"Repository - telefone - FindAll"}
{"level":"info","time":"2025-04-11 11:29:07.972","message":"routes.go - /telefone"}
{"level":"info","time":"2025-04-11 11:29:07.973","message":"Entrou...","id":"20250411112907","mtd":"start-create - telefone - StartCreate"}
{"level":"info","time":"2025-04-11 11:29:07.974","message":"Entrou...","id":"20250411112907","mtd":"Controller - telefone/create - ExecuteCreate"}
{"level":"info","time":"2025-04-11 11:29:07.976","message":"Entrou...","id":"20250411112907","mtd":"telefone/create - UseCase - Execute"}
{"level":"info","time":"2025-04-11 11:29:07.977","message":"Entrou... CPF: 1","id":"20250411112907","mtd":"Repository - telefone - Save"}
{"level":"error","time":"2025-04-11 11:29:08.046","message":"Erro ao executar a inserção","id":"20250411112907","mtd":"Repository - telefone - Save","error":"ORA-00001: restrição exclusiva (API_ORACLE_HOM.TELEFONE_PK) violada"}
{"level":"error","time":"2025-04-11 11:29:08.047","message":"Erro","id":"20250411112907","mtd":"telefone/create - UseCase - Execute","error":"ORA-00001: restrição exclusiva (API_ORACLE_HOM.TELEFONE_PK) violada"}
{"level":"error","time":"2025-04-11 11:29:08.049","message":"Erro Execute useCase","id":"20250411112907","mtd":"Controller - telefone/create - ExecuteCreate","error":"ORA-00001: restrição exclusiva (API_ORACLE_HOM.TELEFONE_PK) violada"}
{"level":"error","time":"2025-04-11 11:29:08.050","message":"Error","id":"20250411112907","mtd":"start-create - telefone - StartCreate","error":"ORA-00001: restrição exclusiva (API_ORACLE_HOM.TELEFONE_PK) violada"}
{"level":"info","time":"2025-04-11 11:29:14.516","message":"/cliente/get/:cpf"}
{"level":"info","time":"2025-04-11 11:29:14.517","message":"Entrou...","id":"20250411112914","mtd":"cliente.StartGet"}
{"level":"info","time":"2025-04-11 11:29:14.519","message":"Entrou...","id":"20250411112914","mtd":"cliente/get01 - Controller - ExecuteGet01"}
{"level":"info","time":"2025-04-11 11:29:14.520","message":"CPF: 1","id":"20250411112914","mtd":"cliente/get01 - Controller - ExecuteGet01"}
{"level":"info","time":"2025-04-11 11:29:14.522","message":"Entrou... CPF:1","id":"20250411112914","mtd":"cliente - Repository - FindById"}
{"level":"info","time":"2025-04-11 11:29:14.555","message":"Entrou... CPF:1","id":"20250411112914","mtd":"cliente/get01 - Repository - QueryLoadDataTelefone"}
{"level":"info","time":"2025-04-11 11:29:14.558","message":"4832215526","id":"20250411112914","mtd":"cliente/get01 - Repository - QueryLoadDataTelefone"}
{"level":"info","time":"2025-04-11 11:29:14.559","message":"4832453504","id":"20250411112914","mtd":"cliente/get01 - Repository - QueryLoadDataTelefone"}
{"level":"info","time":"2025-04-11 11:29:14.561","message":"48999448383","id":"20250411112914","mtd":"cliente/get01 - Repository - QueryLoadDataTelefone"}
{"level":"info","time":"2025-04-11 11:29:14.562","message":"Counts Telefone:3","id":"20250411112914","mtd":"cliente/get01 - Repository - QueryLoadDataTelefone"}
{"level":"info","time":"2025-04-11 11:29:16.753","message":"/cliente/get"}
{"level":"info","time":"2025-04-11 11:29:16.755","message":"Entrou...","id":"20250411112916","mtd":"cliente.StartGetAll"}
{"level":"info","time":"2025-04-11 11:29:16.756","message":"Entrou...","id":"20250411112916","mtd":"cliente/get02 - Controller - ExecuteGet02"}
{"level":"info","time":"2025-04-11 11:29:16.757","message":"Entrou...","id":"20250411112916","mtd":"cliente/get-clientes - UseCase - Execute"}
{"level":"info","time":"2025-04-11 11:29:16.758","message":"Entrou...","id":"20250411112916","mtd":"cliente/get02 - Repository - QueryLoadAllClientes"}
{"level":"info","time":"2025-04-11 13:00:49.288","message":"start api-modelo-clean-arch PORT:8888"}
{"level":"info","time":"2025-04-11 17:07:05.416","message":"start api-modelo-clean-arch PORT:8888"}
{"level":"info","time":"2025-04-11 17:08:03.479","message":"GET /cliente/:cpf"}
{"level":"info","time":"2025-04-11 17:08:03.486","message":"Entrou...","id":"20250411170803","mtd":"cliente.StartGet"}
{"level":"info","time":"2025-04-11 17:08:03.487","message":"Entrou...","id":"20250411170803","mtd":"cliente/get01 - Controller - ExecuteGet01"}
{"level":"info","time":"2025-04-11 17:08:03.489","message":"CPF: 1","id":"20250411170803","mtd":"cliente/get01 - Controller - ExecuteGet01"}
{"level":"info","time":"2025-04-11 17:08:03.494","message":"Entrou... CPF:1","id":"20250411170803","mtd":"cliente - Repository - FindById"}
{"level":"info","time":"2025-04-11 17:27:15.646","message":"GET /cliente/:cpf"}
{"level":"info","time":"2025-04-11 17:27:15.648","message":"Entrou...","id":"20250411172715","mtd":"cliente.StartGet"}
{"level":"info","time":"2025-04-11 17:27:15.649","message":"Entrou...","id":"20250411172715","mtd":"cliente/get01 - Controller - ExecuteGet01"}
{"level":"info","time":"2025-04-11 17:27:15.650","message":"CPF: 1","id":"20250411172715","mtd":"cliente/get01 - Controller - ExecuteGet01"}
{"level":"info","time":"2025-04-11 17:27:15.651","message":"Entrou... CPF:1","id":"20250411172715","mtd":"cliente - Repository - FindById"}
{"level":"info","time":"2025-04-11 17:27:19.781","message":"GET /cliente"}
{"level":"info","time":"2025-04-11 17:27:19.783","message":"Entrou...","id":"20250411172719","mtd":"cliente.StartGetAll"}
{"level":"info","time":"2025-04-11 17:27:19.784","message":"Entrou...","id":"20250411172719","mtd":"cliente/get02 - Controller - ExecuteGet02"}
{"level":"info","time":"2025-04-11 17:27:19.785","message":"Entrou...","id":"20250411172719","mtd":"cliente/get-clientes - UseCase - Execute"}
{"level":"info","time":"2025-04-11 17:27:19.786","message":"Entrou...","id":"20250411172719","mtd":"cliente/get02 - Repository - QueryLoadAllClientes"}
{"level":"info","time":"2025-04-11 17:29:50.630","message":"/cliente/:cpf/telefones"}
{"level":"info","time":"2025-04-11 17:29:50.632","message":"Entrou...","id":"20250411172950","mtd":"cliente.StartGet"}
{"level":"info","time":"2025-04-11 17:29:50.633","message":"Entrou...","id":"20250411172950","mtd":"cliente - get-com-telefone - Controller - ExecuteGetComTelefone"}
{"level":"info","time":"2025-04-11 17:29:50.635","message":"CPF: 1","id":"20250411172950","mtd":"cliente - get-com-telefone - Controller - ExecuteGetComTelefone"}
{"level":"info","time":"2025-04-11 17:29:50.636","message":"Entrou... CPF:1","id":"20250411172950","mtd":"cliente - Repository - FindById"}
{"level":"info","time":"2025-04-11 17:29:50.640","message":"Entrou...","id":"20250411172950","mtd":"Repository - telefone - FindAll"}
{"level":"info","time":"2025-04-11 17:30:09.446","message":"GET /cliente"}
{"level":"info","time":"2025-04-11 17:30:09.447","message":"Entrou...","id":"20250411173009","mtd":"cliente.StartGetAll"}
{"level":"info","time":"2025-04-11 17:30:09.448","message":"Entrou...","id":"20250411173009","mtd":"cliente/get02 - Controller - ExecuteGet02"}
{"level":"info","time":"2025-04-11 17:30:09.450","message":"Entrou...","id":"20250411173009","mtd":"cliente/get-clientes - UseCase - Execute"}
{"level":"info","time":"2025-04-11 17:30:09.451","message":"Entrou...","id":"20250411173009","mtd":"cliente/get02 - Repository - QueryLoadAllClientes"}
{"level":"info","time":"2025-04-11 17:30:23.725","message":"GET /cliente/:cpf"}
{"level":"info","time":"2025-04-11 17:30:23.745","message":"Entrou...","id":"20250411173023","mtd":"cliente.StartGet"}
{"level":"info","time":"2025-04-11 17:30:23.784","message":"Entrou...","id":"20250411173023","mtd":"cliente/get01 - Controller - ExecuteGet01"}
{"level":"info","time":"2025-04-11 17:30:23.792","message":"CPF: telefones","id":"20250411173023","mtd":"cliente/get01 - Controller - ExecuteGet01"}
{"level":"info","time":"2025-04-11 17:30:23.808","message":"Entrou... CPF:telefones","id":"20250411173023","mtd":"cliente - Repository - FindById"}
{"level":"error","time":"2025-04-11 17:30:23.815","message":"Erro Cliente...","id":"20250411173023","mtd":"cliente/get-cliente - UseCase - Execute","error":"sql: no rows in result set"}
{"level":"error","time":"2025-04-11 17:30:23.818","message":"Erro...","id":"20250411173023","mtd":"cliente/get01 - Controller - ExecuteGet01","error":"sql: no rows in result set"}
{"level":"error","time":"2025-04-11 17:30:23.829","message":"Error ","id":"20250411173023","mtd":"cliente02.get-cliente.Start","error":"sql: no rows in result set"}
{"level":"info","time":"2025-04-11 17:38:50.923","message":"start api-modelo-clean-arch PORT:8888"}
{"level":"info","time":"2025-04-11 17:39:56.462","message":"GET /cliente/:cpf"}
{"level":"info","time":"2025-04-11 17:39:56.464","message":"Entrou...","id":"20250411173956","mtd":"cliente.StartGet"}
{"level":"info","time":"2025-04-11 17:39:56.465","message":"Entrou...","id":"20250411173956","mtd":"cliente/get01 - Controller - ExecuteGet01"}
{"level":"info","time":"2025-04-11 17:39:56.466","message":"CPF: 1","id":"20250411173956","mtd":"cliente/get01 - Controller - ExecuteGet01"}
{"level":"info","time":"2025-04-11 17:39:56.467","message":"Entrou... CPF:1","id":"20250411173956","mtd":"cliente - Repository - FindById"}
{"level":"info","time":"2025-04-11 17:40:01.012","message":"GET /cliente"}
{"level":"info","time":"2025-04-11 17:40:01.014","message":"Entrou...","id":"20250411174001","mtd":"cliente.StartGetAll"}
{"level":"info","time":"2025-04-11 17:40:01.015","message":"Entrou...","id":"20250411174001","mtd":"cliente/get02 - Controller - ExecuteGet02"}
{"level":"info","time":"2025-04-11 17:40:01.016","message":"Entrou...","id":"20250411174001","mtd":"cliente/get-clientes - UseCase - Execute"}
{"level":"info","time":"2025-04-11 17:40:01.017","message":"Entrou...","id":"20250411174001","mtd":"cliente/get02 - Repository - QueryLoadAllClientes"}
{"level":"info","time":"2025-04-11 17:40:10.006","message":"/cliente/:cpf/telefones"}
{"level":"info","time":"2025-04-11 17:40:10.008","message":"Entrou...","id":"20250411174010","mtd":"cliente.StartGet"}
{"level":"info","time":"2025-04-11 17:40:10.009","message":"Entrou...","id":"20250411174010","mtd":"cliente - get-com-telefone - Controller - ExecuteGetComTelefone"}
{"level":"info","time":"2025-04-11 17:40:10.010","message":"CPF: 1","id":"20250411174010","mtd":"cliente - get-com-telefone - Controller - ExecuteGetComTelefone"}
{"level":"info","time":"2025-04-11 17:40:10.011","message":"Entrou... CPF:1","id":"20250411174010","mtd":"cliente - Repository - FindById"}
{"level":"info","time":"2025-04-11 17:40:10.014","message":"Entrou...","id":"20250411174010","mtd":"Repository - telefone - FindAll"}
{"level":"info","time":"2025-04-11 17:40:14.902","message":"/cliente/telefones"}
{"level":"info","time":"2025-04-11 17:40:14.903","message":"Entrou...","id":"20250411174014","mtd":"cliente.StartGet"}
{"level":"info","time":"2025-04-11 17:40:14.904","message":"Entrou...","id":"20250411174014","mtd":"cliente - get-com-telefone - Controller - ExecuteGetComTelefone"}
{"level":"info","time":"2025-04-11 17:40:14.906","message":"CPF: ","id":"20250411174014","mtd":"cliente - get-com-telefone - Controller - ExecuteGetComTelefone"}
{"level":"info","time":"2025-04-11 17:40:14.907","message":"Entrou... CPF:","id":"20250411174014","mtd":"cliente - Repository - FindById"}
{"level":"error","time":"2025-04-11 17:40:14.909","message":"Erro Cliente...","id":"20250411174014","mtd":"cliente - UseCase - Execute","error":"sql: no rows in result set"}
{"level":"error","time":"2025-04-11 17:40:14.910","message":"Erro...","id":"20250411174014","mtd":"cliente - get-com-telefone - Controller - ExecuteGetComTelefone","error":"sql: no rows in result set"}
{"level":"error","time":"2025-04-11 17:40:14.912","message":"Error ","id":"20250411174014","mtd":"cliente02.get-cliente.Start","error":"sql: no rows in result set"}



{"level":"info","time":"2025-04-11 18:13:44.737","message":"/cliente/telefones"}
{"level":"info","time":"2025-04-11 18:13:44.742","message":"Entrou...","id":"20250411181344","mtd":"cliente.StartGet"}
{"level":"info","time":"2025-04-11 18:13:44.750","message":"Entrou...","id":"20250411181344","mtd":"cliente - get-com-telefone - Controller - ExecuteGetComTelefone"}
{"level":"info","time":"2025-04-11 18:13:44.755","message":"CPF: ","id":"20250411181344","mtd":"cliente - get-com-telefone - Controller - ExecuteGetComTelefone"}
{"level":"info","time":"2025-04-11 18:13:44.763","message":"Entrou... CPF:","id":"20250411181344","mtd":"cliente - Repository - FindById"}
{"level":"error","time":"2025-04-11 18:13:44.796","message":"Erro Cliente...","id":"20250411181344","mtd":"cliente - UseCase - Execute","error":"sql: no rows in result set"}
{"level":"error","time":"2025-04-11 18:13:44.802","message":"Erro...","id":"20250411181344","mtd":"cliente - get-com-telefone - Controller - ExecuteGetComTelefone","error":"sql: no rows in result set"}
{"level":"error","time":"2025-04-11 18:13:44.810","message":"Error ","id":"20250411181344","mtd":"cliente02.get-cliente.Start","error":"sql: no rows in result set"}
{"level":"info","time":"2025-04-11 18:56:56.662","message":"start api-modelo-clean-arch PORT:8888"}
{"level":"info","time":"2025-04-11 18:59:11.054","message":"GET /cliente/:cpf"}
{"level":"info","time":"2025-04-11 18:59:11.056","message":"Entrou...","id":"20250411185911","mtd":"cliente.StartGet"}
{"level":"info","time":"2025-04-11 18:59:11.057","message":"Entrou...","id":"20250411185911","mtd":"cliente - get - Controller"}
{"level":"info","time":"2025-04-11 18:59:11.059","message":"CPF: 1","id":"20250411185911","mtd":"cliente - get - Controller"}
{"level":"info","time":"2025-04-11 18:59:11.060","message":"Entrou... CPF:1","id":"20250411185911","mtd":"cliente - Repository - FindById"}
{"level":"info","time":"2025-04-11 18:59:13.879","message":"GET /cliente"}
{"level":"info","time":"2025-04-11 18:59:13.881","message":"Entrou...","id":"20250411185913","mtd":"cliente.StartGetAll"}
{"level":"info","time":"2025-04-11 18:59:13.882","message":"Entrou...","id":"20250411185913","mtd":"cliente - get-all - Controller"}
{"level":"info","time":"2025-04-11 18:59:13.883","message":"Entrou...","id":"20250411185913","mtd":"cliente/get-clientes - UseCase - Execute"}
{"level":"info","time":"2025-04-11 18:59:13.884","message":"Entrou...","id":"20250411185913","mtd":"cliente/get02 - Repository - QueryLoadAllClientes"}
{"level":"info","time":"2025-04-11 18:59:17.168","message":"/cliente/:cpf/telefones"}
{"level":"info","time":"2025-04-11 18:59:17.170","message":"Entrou...","id":"20250411185917","mtd":"cliente.StartGetComTelefone"}
{"level":"info","time":"2025-04-11 18:59:17.171","message":"Entrou...","id":"20250411185917","mtd":"cliente - get-com-telefone - Controller"}
{"level":"info","time":"2025-04-11 18:59:17.172","message":"CPF: 1","id":"20250411185917","mtd":"cliente - get-com-telefone - Controller"}
{"level":"info","time":"2025-04-11 18:59:17.173","message":"Entrou... CPF:1","id":"20250411185917","mtd":"cliente - Repository - FindById"}
{"level":"info","time":"2025-04-11 18:59:17.176","message":"Entrou...","id":"20250411185917","mtd":"Repository - telefone - FindAll"}
{"level":"info","time":"2025-04-11 18:59:20.730","message":"/cliente/telefones"}
{"level":"info","time":"2025-04-11 18:59:20.732","message":"Entrou...","id":"20250411185920","mtd":"cliente.StartGetComTelefone"}
{"level":"info","time":"2025-04-11 18:59:20.733","message":"Entrou...","id":"20250411185920","mtd":"cliente - get-com-telefone - Controller"}
{"level":"info","time":"2025-04-11 18:59:20.734","message":"CPF: ","id":"20250411185920","mtd":"cliente - get-com-telefone - Controller"}
{"level":"info","time":"2025-04-11 18:59:20.735","message":"Entrou... CPF:","id":"20250411185920","mtd":"cliente - Repository - FindById"}
{"level":"error","time":"2025-04-11 18:59:20.738","message":"Erro Cliente...","id":"20250411185920","mtd":"cliente - UseCase - Execute","error":"sql: no rows in result set"}
{"level":"error","time":"2025-04-11 18:59:20.739","message":"Erro...","id":"20250411185920","mtd":"cliente - get-com-telefone - Controller","error":"sql: no rows in result set"}
{"level":"error","time":"2025-04-11 18:59:20.740","message":"Error ","id":"20250411185920","mtd":"cliente02.get-cliente.Start","error":"sql: no rows in result set"}
{"level":"info","time":"2025-04-11 19:01:39.508","message":"start api-modelo-clean-arch PORT:8888"}
{"level":"info","time":"2025-04-11 19:08:27.645","message":"/cliente/telefones"}
{"level":"info","time":"2025-04-11 19:08:27.646","message":"Entrou...","id":"20250411190827","mtd":"cliente - get-all-com-telefone - StartGetAllComTelefone"}
{"level":"info","time":"2025-04-11 19:08:27.648","message":"Entrou...","id":"20250411190827","mtd":"cliente - get-all-com-telefone - Controller"}
{"level":"info","time":"2025-04-11 19:08:27.649","message":"Entrou...","id":"20250411190827","mtd":"cliente/get02 - Repository - QueryLoadAllClientes"}
{"level":"info","time":"2025-04-11 19:08:27.679","message":"Entrou...","id":"20250411190827","mtd":"Repository - telefone - FindAll"}
{"level":"info","time":"2025-04-11 19:08:27.738","message":"Entrou...","id":"20250411190827","mtd":"Repository - telefone - FindAll"}
{"level":"info","time":"2025-04-11 19:08:27.740","message":"Entrou...","id":"20250411190827","mtd":"Repository - telefone - FindAll"}
{"level":"info","time":"2025-04-11 19:08:27.742","message":"Entrou...","id":"20250411190827","mtd":"Repository - telefone - FindAll"}
{"level":"info","time":"2025-04-11 19:08:27.744","message":"Entrou...","id":"20250411190827","mtd":"Repository - telefone - FindAll"}
{"level":"info","time":"2025-04-11 19:08:27.746","message":"Entrou...","id":"20250411190827","mtd":"Repository - telefone - FindAll"}
{"level":"info","time":"2025-04-11 19:08:27.748","message":"Entrou...","id":"20250411190827","mtd":"Repository - telefone - FindAll"}
{"level":"info","time":"2025-04-14 15:31:47.553","message":"start api-modelo-clean-arch PORT:8888"}
{"level":"info","time":"2025-04-14 15:33:13.906","message":"routes.go - POST /produto"}
{"level":"info","time":"2025-04-14 15:33:13.908","message":"Entrou...","id":"20250414153313","mtd":"produto - create - StartCreate"}
{"level":"info","time":"2025-04-14 15:33:13.911","message":"Entrou...","id":"20250414153313","mtd":"produto - create - Controller"}
{"level":"info","time":"2025-04-14 15:33:13.920","message":"Entrou...","id":"20250414153313","mtd":"produto - create - UseCase - Execute"}
{"level":"info","time":"2025-04-14 15:33:13.924","message":"Entrou... Nome:Produto 1","id":"20250414153313","mtd":"produto - Repository - Save"}
{"level":"error","time":"2025-04-14 15:33:13.995","message":"Erro ao inserir produto","id":"20250414153313","mtd":"produto - Repository - Save","error":"ORA-03115: tipo de dados ou representação de rede não aceita(o)"}
{"level":"error","time":"2025-04-14 15:33:14.001","message":"Erro ao salvar produto","id":"20250414153313","mtd":"produto - create - UseCase - Execute","error":"ORA-03115: tipo de dados ou representação de rede não aceita(o)"}
{"level":"error","time":"2025-04-14 15:33:14.004","message":"Erro Execute useCase","id":"20250414153313","mtd":"produto - create - Controller","error":"ORA-03115: tipo de dados ou representação de rede não aceita(o)"}
{"level":"error","time":"2025-04-14 15:33:14.008","message":"Error","id":"20250414153313","mtd":"produto - create - Start","error":"ORA-03115: tipo de dados ou representação de rede não aceita(o)"}
{"level":"info","time":"2025-04-14 15:39:35.142","message":"start api-modelo-clean-arch PORT:8888"}
{"level":"info","time":"2025-04-14 15:41:06.279","message":"routes.go - POST /produto"}
{"level":"info","time":"2025-04-14 15:41:06.283","message":"Entrou...","id":"20250414154106","mtd":"produto - create - StartCreate"}
{"level":"info","time":"2025-04-14 15:41:06.284","message":"Entrou...","id":"20250414154106","mtd":"produto - create - Controller"}
{"level":"info","time":"2025-04-14 15:41:06.285","message":"Entrou...","id":"20250414154106","mtd":"produto - create - UseCase - Execute"}
{"level":"info","time":"2025-04-14 15:41:06.286","message":"Entrou... Nome:Produto 1","id":"20250414154106","mtd":"produto - Repository - Save"}
{"level":"info","time":"2025-04-14 15:41:06.299","message":"Número de linhas inseridas: 1","id":"20250414154106","mtd":"produto - Repository - Save"}
{"level":"info","time":"2025-04-14 15:41:58.116","message":"routes.go - POST /produto"}
{"level":"info","time":"2025-04-14 15:41:58.117","message":"Entrou...","id":"20250414154158","mtd":"produto - create - StartCreate"}
{"level":"info","time":"2025-04-14 15:41:58.118","message":"Entrou...","id":"20250414154158","mtd":"produto - create - Controller"}
{"level":"info","time":"2025-04-14 15:41:58.120","message":"Entrou...","id":"20250414154158","mtd":"produto - create - UseCase - Execute"}
{"level":"info","time":"2025-04-14 15:41:58.121","message":"Entrou... Nome:Produto 2","id":"20250414154158","mtd":"produto - Repository - Save"}
{"level":"info","time":"2025-04-14 15:41:58.125","message":"Número de linhas inseridas: 1","id":"20250414154158","mtd":"produto - Repository - Save"}
{"level":"info","time":"2025-04-14 15:42:38.931","message":"routes.go - POST /produto"}
{"level":"info","time":"2025-04-14 15:42:38.933","message":"Entrou...","id":"20250414154238","mtd":"produto - create - StartCreate"}
{"level":"info","time":"2025-04-14 15:42:38.934","message":"Entrou...","id":"20250414154238","mtd":"produto - create - Controller"}
{"level":"info","time":"2025-04-14 15:42:38.935","message":"Entrou...","id":"20250414154238","mtd":"produto - create - UseCase - Execute"}
{"level":"info","time":"2025-04-14 15:42:38.936","message":"Entrou... Nome:Produto 3","id":"20250414154238","mtd":"produto - Repository - Save"}
{"level":"info","time":"2025-04-14 15:42:38.942","message":"Número de linhas inseridas: 1","id":"20250414154238","mtd":"produto - Repository - Save"}
{"level":"info","time":"2025-04-14 15:42:42.157","message":"routes.go - GET /produto"}
{"level":"info","time":"2025-04-14 15:42:42.162","message":"Entrou...","id":"20250414154242","mtd":"cliente.StartGetAll"}
{"level":"info","time":"2025-04-14 15:42:42.167","message":"Entrou...","id":"20250414154242","mtd":"cliente - get-all - Controller"}
{"level":"info","time":"2025-04-14 15:42:42.175","message":"Entrou...","id":"20250414154242","mtd":"cliente/get-clientes - UseCase - Execute"}
{"level":"info","time":"2025-04-14 15:42:42.179","message":"Entrou...","id":"20250414154242","mtd":"cliente/get02 - Repository - QueryLoadAllClientes"}
{"level":"info","time":"2025-04-14 15:42:56.493","message":"routes.go - GET /produto"}
{"level":"info","time":"2025-04-14 15:42:56.494","message":"Entrou...","id":"20250414154256","mtd":"cliente.StartGetAll"}
{"level":"info","time":"2025-04-14 15:42:56.495","message":"Entrou...","id":"20250414154256","mtd":"cliente - get-all - Controller"}
{"level":"info","time":"2025-04-14 15:42:56.496","message":"Entrou...","id":"20250414154256","mtd":"cliente/get-clientes - UseCase - Execute"}
{"level":"info","time":"2025-04-14 15:42:56.498","message":"Entrou...","id":"20250414154256","mtd":"cliente/get02 - Repository - QueryLoadAllClientes"}
{"level":"info","time":"2025-04-14 15:42:58.298","message":"routes.go - GET /produto/:id"}
{"level":"info","time":"2025-04-14 15:42:58.300","message":"Entrou...","id":"20250414154258","mtd":"cliente.StartGet"}
{"level":"info","time":"2025-04-14 15:42:58.301","message":"Entrou...","id":"20250414154258","mtd":"cliente - get - Controller"}
{"level":"info","time":"2025-04-14 15:42:58.302","message":"CPF: ","id":"20250414154258","mtd":"cliente - get - Controller"}
{"level":"info","time":"2025-04-14 15:42:58.303","message":"Entrou... CPF:","id":"20250414154258","mtd":"cliente - Repository - FindById"}
{"level":"error","time":"2025-04-14 15:42:58.329","message":"Erro Cliente...","id":"20250414154258","mtd":"cliente/get-cliente - UseCase - Execute","error":"sql: no rows in result set"}
{"level":"error","time":"2025-04-14 15:42:58.330","message":"Erro...","id":"20250414154258","mtd":"cliente - get - Controller","error":"sql: no rows in result set"}
{"level":"error","time":"2025-04-14 15:42:58.331","message":"Error ","id":"20250414154258","mtd":"cliente02.get-cliente.Start","error":"sql: no rows in result set"}
{"level":"info","time":"2025-04-14 15:51:32.567","message":"start api-modelo-clean-arch PORT:8888"}
{"level":"info","time":"2025-04-14 15:52:13.804","message":"routes.go - GET /produto/:id"}
{"level":"info","time":"2025-04-14 15:52:13.806","message":"Entrou...","id":"20250414155213","mtd":"produto.StartGet"}
{"level":"info","time":"2025-04-14 15:52:13.807","message":"Entrou...","id":"20250414155213","mtd":"produto - get - Controller"}
{"level":"info","time":"2025-04-14 15:52:13.808","message":"ID: 1","id":"20250414155213","mtd":"produto - get - Controller"}
{"level":"info","time":"2025-04-14 15:52:13.809","message":"Entrou... ID:1","id":"20250414155213","mtd":"produto - Repository - FindById"}
{"level":"error","time":"2025-04-14 15:52:13.838","message":"Erro ao buscar produto","id":"20250414155213","mtd":"produto/get-produto - UseCase - Execute","error":"sql: Scan error on column index 6, name \"FL_ATIVO\": sql/driver: couldn't convert \"S\" into type bool"}
{"level":"error","time":"2025-04-14 15:52:13.840","message":"Erro ao obter produto","id":"20250414155213","mtd":"produto - get - Controller","error":"sql: Scan error on column index 6, name \"FL_ATIVO\": sql/driver: couldn't convert \"S\" into type bool"}
{"level":"error","time":"2025-04-14 15:52:13.841","message":"Error ","id":"20250414155213","mtd":"produto.StartGet","error":"sql: Scan error on column index 6, name \"FL_ATIVO\": sql/driver: couldn't convert \"S\" into type bool"}
{"level":"info","time":"2025-04-14 15:52:22.588","message":"routes.go - GET /produto"}
{"level":"info","time":"2025-04-14 15:52:22.589","message":"Entrou...","id":"20250414155222","mtd":"produto.StartGetAll"}
{"level":"info","time":"2025-04-14 15:52:22.590","message":"Entrou...","id":"20250414155222","mtd":"produto - get-all - Controller"}
{"level":"info","time":"2025-04-14 15:52:22.592","message":"Entrou no caso de uso para obter todos os produtos","id":"20250414155222","mtd":"produto/get-produtos - UseCase - Execute"}
{"level":"info","time":"2025-04-14 15:52:22.593","message":"Entrou...","id":"20250414155222","mtd":"produto - Repository - FindAll"}
{"level":"error","time":"2025-04-14 15:52:22.598","message":"Erro ao buscar produtos","id":"20250414155222","mtd":"produto/get-produtos - UseCase - Execute","error":"sql: Scan error on column index 6, name \"FL_ATIVO\": sql/driver: couldn't convert \"S\" into type bool"}
{"level":"error","time":"2025-04-14 15:52:22.600","message":"Erro ao obter produtos","id":"20250414155222","mtd":"produto - get-all - Controller","error":"sql: Scan error on column index 6, name \"FL_ATIVO\": sql/driver: couldn't convert \"S\" into type bool"}
{"level":"error","time":"2025-04-14 15:52:22.601","message":"Erro...","id":"20250414155222","mtd":"produto.StartGetAll","error":"sql: Scan error on column index 6, name \"FL_ATIVO\": sql/driver: couldn't convert \"S\" into type bool"}
{"level":"info","time":"2025-04-14 15:52:25.007","message":"routes.go - GET /produto/:id"}
{"level":"info","time":"2025-04-14 15:52:25.009","message":"Entrou...","id":"20250414155225","mtd":"produto.StartGet"}
{"level":"info","time":"2025-04-14 15:52:25.011","message":"Entrou...","id":"20250414155225","mtd":"produto - get - Controller"}
{"level":"info","time":"2025-04-14 15:52:25.013","message":"ID: 1","id":"20250414155225","mtd":"produto - get - Controller"}
{"level":"info","time":"2025-04-14 15:52:25.014","message":"Entrou... ID:1","id":"20250414155225","mtd":"produto - Repository - FindById"}
{"level":"error","time":"2025-04-14 15:52:25.017","message":"Erro ao buscar produto","id":"20250414155225","mtd":"produto/get-produto - UseCase - Execute","error":"sql: Scan error on column index 6, name \"FL_ATIVO\": sql/driver: couldn't convert \"S\" into type bool"}
{"level":"error","time":"2025-04-14 15:52:25.019","message":"Erro ao obter produto","id":"20250414155225","mtd":"produto - get - Controller","error":"sql: Scan error on column index 6, name \"FL_ATIVO\": sql/driver: couldn't convert \"S\" into type bool"}
{"level":"error","time":"2025-04-14 15:52:25.020","message":"Error ","id":"20250414155225","mtd":"produto.StartGet","error":"sql: Scan error on column index 6, name \"FL_ATIVO\": sql/driver: couldn't convert \"S\" into type bool"}
{"level":"info","time":"2025-04-14 15:52:28.440","message":"routes.go - POST /produto"}
{"level":"info","time":"2025-04-14 15:52:28.441","message":"Entrou...","id":"20250414155228","mtd":"produto - create - StartCreate"}
{"level":"info","time":"2025-04-14 15:52:28.443","message":"Entrou...","id":"20250414155228","mtd":"produto - create - Controller"}
{"level":"info","time":"2025-04-14 15:52:28.444","message":"Entrou...","id":"20250414155228","mtd":"produto - create - UseCase - Execute"}
{"level":"info","time":"2025-04-14 15:52:28.445","message":"Entrou... Nome:Produto 3","id":"20250414155228","mtd":"produto - Repository - Save"}
{"level":"info","time":"2025-04-14 15:52:28.451","message":"Número de linhas inseridas: 1","id":"20250414155228","mtd":"produto - Repository - Save"}
{"level":"info","time":"2025-04-14 15:52:40.087","message":"routes.go - GET /produto/:id"}
{"level":"info","time":"2025-04-14 15:52:40.088","message":"Entrou...","id":"20250414155240","mtd":"produto.StartGet"}
{"level":"info","time":"2025-04-14 15:52:40.090","message":"Entrou...","id":"20250414155240","mtd":"produto - get - Controller"}
{"level":"info","time":"2025-04-14 15:52:40.091","message":"ID: 1","id":"20250414155240","mtd":"produto - get - Controller"}
{"level":"info","time":"2025-04-14 15:52:40.092","message":"Entrou... ID:1","id":"20250414155240","mtd":"produto - Repository - FindById"}
{"level":"error","time":"2025-04-14 15:52:40.095","message":"Erro ao buscar produto","id":"20250414155240","mtd":"produto/get-produto - UseCase - Execute","error":"sql: Scan error on column index 6, name \"FL_ATIVO\": sql/driver: couldn't convert \"S\" into type bool"}
{"level":"error","time":"2025-04-14 15:52:40.096","message":"Erro ao obter produto","id":"20250414155240","mtd":"produto - get - Controller","error":"sql: Scan error on column index 6, name \"FL_ATIVO\": sql/driver: couldn't convert \"S\" into type bool"}
{"level":"error","time":"2025-04-14 15:52:40.097","message":"Error ","id":"20250414155240","mtd":"produto.StartGet","error":"sql: Scan error on column index 6, name \"FL_ATIVO\": sql/driver: couldn't convert \"S\" into type bool"}
{"level":"info","time":"2025-04-14 15:57:01.509","message":"start api-modelo-clean-arch PORT:8888"}
{"level":"info","time":"2025-04-14 15:57:05.217","message":"routes.go - GET /produto/:id"}
{"level":"info","time":"2025-04-14 15:57:05.219","message":"Entrou...","id":"20250414155705","mtd":"produto.StartGet"}
{"level":"info","time":"2025-04-14 15:57:05.220","message":"Entrou...","id":"20250414155705","mtd":"produto - get - Controller"}
{"level":"info","time":"2025-04-14 15:57:05.221","message":"ID: 1","id":"20250414155705","mtd":"produto - get - Controller"}
{"level":"info","time":"2025-04-14 15:57:05.222","message":"Entrou... ID:1","id":"20250414155705","mtd":"produto - Repository - FindById"}
{"level":"info","time":"2025-04-14 15:57:14.654","message":"routes.go - GET /produto"}
{"level":"info","time":"2025-04-14 15:57:14.655","message":"Entrou...","id":"20250414155714","mtd":"produto.StartGetAll"}
{"level":"info","time":"2025-04-14 15:57:14.657","message":"Entrou...","id":"20250414155714","mtd":"produto - get-all - Controller"}
{"level":"info","time":"2025-04-14 15:57:14.658","message":"Entrou no caso de uso para obter todos os produtos","id":"20250414155714","mtd":"produto/get-produtos - UseCase - Execute"}
{"level":"info","time":"2025-04-14 15:57:14.660","message":"Entrou...","id":"20250414155714","mtd":"produto - Repository - FindAll"}
{"level":"info","time":"2025-04-14 15:57:53.083","message":"routes.go - POST /produto"}
{"level":"info","time":"2025-04-14 15:57:53.084","message":"Entrou...","id":"20250414155753","mtd":"produto - create - StartCreate"}
{"level":"info","time":"2025-04-14 15:57:53.086","message":"Entrou...","id":"20250414155753","mtd":"produto - create - Controller"}
{"level":"info","time":"2025-04-14 15:57:53.087","message":"Entrou...","id":"20250414155753","mtd":"produto - create - UseCase - Execute"}
{"level":"info","time":"2025-04-14 15:57:53.088","message":"Entrou... Nome:Produto 4","id":"20250414155753","mtd":"produto - Repository - Save"}
{"level":"info","time":"2025-04-14 15:57:53.095","message":"Número de linhas inseridas: 1","id":"20250414155753","mtd":"produto - Repository - Save"}
